# JRE version: OpenJDK Runtime Environment (11.0.5+10) (build 11.0.5+10-b520.38)
# Java VM: OpenJDK 64-Bit Server VM (11.0.5+10-b520.38, mixed mode, tiered, compressed oops, g1 gc, linux-amd64)
Heap:
 garbage-first heap   total 512000K, used 276260K [0x00000000e0000000, 0x0000000100000000)
  region size 1024K, 56 young (57344K), 19 survivors (19456K)
 Metaspace       used 130641K, capacity 135683K, committed 136112K, reserved 372736K
  class space    used 16070K, capacity 17803K, committed 17920K, reserved 253952K
GC Heap History (20 events):
Event: 4262,239 GC heap before
{Heap before GC invocations=42 (full 0):
 garbage-first heap   total 512000K, used 456812K [0x00000000e0000000, 0x0000000100000000)
  region size 1024K, 133 young (136192K), 2 survivors (2048K)
 Metaspace       used 107739K, capacity 111651K, committed 133296K, reserved 370688K
  class space    used 13124K, capacity 14469K, committed 17920K, reserved 253952K
}
Event: 4262,255 GC heap after
{Heap after GC invocations=43 (full 0):
 garbage-first heap   total 512000K, used 121027K [0x00000000e0000000, 0x0000000100000000)
  region size 1024K, 7 young (7168K), 7 survivors (7168K)
 Metaspace       used 107739K, capacity 111651K, committed 133296K, reserved 370688K
  class space    used 13124K, capacity 14469K, committed 17920K, reserved 253952K
}
Event: 4301,227 GC heap before
{Heap before GC invocations=43 (full 0):
 garbage-first heap   total 512000K, used 156867K [0x00000000e0000000, 0x0000000100000000)
  region size 1024K, 25 young (25600K), 7 survivors (7168K)
 Metaspace       used 107938K, capacity 111958K, committed 133296K, reserved 370688K
  class space    used 13160K, capacity 14535K, committed 17920K, reserved 253952K
}
Event: 4301,246 GC heap after
{Heap after GC invocations=44 (full 0):
 garbage-first heap   total 512000K, used 97128K [0x00000000e0000000, 0x0000000100000000)
  region size 1024K, 1 young (1024K), 1 survivors (1024K)
 Metaspace       used 107938K, capacity 111958K, committed 133296K, reserved 370688K
  class space    used 13160K, capacity 14535K, committed 17920K, reserved 253952K
}
Event: 4323,776 GC heap before
{Heap before GC invocations=44 (full 0):
 garbage-first heap   total 512000K, used 131944K [0x00000000e0000000, 0x0000000100000000)
  region size 1024K, 37 young (37888K), 1 survivors (1024K)
 Metaspace       used 108016K, capacity 112071K, committed 133296K, reserved 370688K
  class space    used 13165K, capacity 14544K, committed 17920K, reserved 253952K
}
Event: 4323,793 GC heap after
{Heap after GC invocations=45 (full 0):
 garbage-first heap   total 512000K, used 98938K [0x00000000e0000000, 0x0000000100000000)
  region size 1024K, 3 young (3072K), 3 survivors (3072K)
 Metaspace       used 108016K, capacity 112071K, committed 133296K, reserved 370688K
  class space    used 13165K, capacity 14544K, committed 17920K, reserved 253952K
}
Event: 4346,531 GC heap before
{Heap before GC invocations=46 (full 0):
 garbage-first heap   total 512000K, used 471674K [0x00000000e0000000, 0x0000000100000000)
  region size 1024K, 115 young (117760K), 3 survivors (3072K)
 Metaspace       used 110814K, capacity 114978K, committed 133296K, reserved 370688K
  class space    used 13502K, capacity 14920K, committed 17920K, reserved 253952K
}
Event: 4346,568 GC heap after
{Heap after GC invocations=47 (full 0):
 garbage-first heap   total 512000K, used 122732K [0x00000000e0000000, 0x0000000100000000)
  region size 1024K, 6 young (6144K), 6 survivors (6144K)
 Metaspace       used 110814K, capacity 114978K, committed 133296K, reserved 370688K
  class space    used 13502K, capacity 14920K, committed 17920K, reserved 253952K
}
Event: 4371,410 GC heap before
{Heap before GC invocations=47 (full 0):
 garbage-first heap   total 512000K, used 159596K [0x00000000e0000000, 0x0000000100000000)
  region size 1024K, 25 young (25600K), 6 survivors (6144K)
 Metaspace       used 111567K, capacity 115770K, committed 133296K, reserved 370688K
  class space    used 13603K, capacity 15036K, committed 17920K, reserved 253952K
}
Event: 4371,419 GC heap after
{Heap after GC invocations=48 (full 0):
 garbage-first heap   total 512000K, used 95543K [0x00000000e0000000, 0x0000000100000000)
  region size 1024K, 2 young (2048K), 2 survivors (2048K)
 Metaspace       used 111567K, capacity 115770K, committed 133296K, reserved 370688K
  class space    used 13603K, capacity 15036K, committed 17920K, reserved 253952K
}
Event: 4457,244 GC heap before
{Heap before GC invocations=48 (full 0):
 garbage-first heap   total 512000K, used 180535K [0x00000000e0000000, 0x0000000100000000)
  region size 1024K, 86 young (88064K), 2 survivors (2048K)
 Metaspace       used 114203K, capacity 118477K, committed 133296K, reserved 370688K
  class space    used 13964K, capacity 15446K, committed 17920K, reserved 253952K
}
Event: 4457,258 GC heap after
{Heap after GC invocations=49 (full 0):
 garbage-first heap   total 512000K, used 100751K [0x00000000e0000000, 0x0000000100000000)
  region size 1024K, 7 young (7168K), 7 survivors (7168K)
 Metaspace       used 114203K, capacity 118477K, committed 133296K, reserved 370688K
  class space    used 13964K, capacity 15446K, committed 17920K, reserved 253952K
}
Event: 4476,662 GC heap before
{Heap before GC invocations=50 (full 0):
 garbage-first heap   total 512000K, used 451983K [0x00000000e0000000, 0x0000000100000000)
  region size 1024K, 117 young (119808K), 7 survivors (7168K)
 Metaspace       used 118152K, capacity 122697K, committed 133296K, reserved 370688K
  class space    used 14435K, capacity 15999K, committed 17920K, reserved 253952K
}
Event: 4476,672 GC heap after
{Heap after GC invocations=51 (full 0):
 garbage-first heap   total 512000K, used 132834K [0x00000000e0000000, 0x0000000100000000)
  region size 1024K, 11 young (11264K), 11 survivors (11264K)
 Metaspace       used 118152K, capacity 122697K, committed 133296K, reserved 370688K
  class space    used 14435K, capacity 15999K, committed 17920K, reserved 253952K
}
Event: 4491,409 GC heap before
{Heap before GC invocations=51 (full 0):
 garbage-first heap   total 512000K, used 192226K [0x00000000e0000000, 0x0000000100000000)
  region size 1024K, 25 young (25600K), 11 survivors (11264K)
 Metaspace       used 118882K, capacity 123421K, committed 133296K, reserved 370688K
  class space    used 14536K, capacity 16115K, committed 17920K, reserved 253952K
}
Event: 4491,419 GC heap after
{Heap after GC invocations=52 (full 0):
 garbage-first heap   total 512000K, used 99600K [0x00000000e0000000, 0x0000000100000000)
  region size 1024K, 2 young (2048K), 2 survivors (2048K)
 Metaspace       used 118882K, capacity 123421K, committed 133296K, reserved 370688K
  class space    used 14536K, capacity 16115K, committed 17920K, reserved 253952K
}
Event: 4519,841 GC heap before
{Heap before GC invocations=52 (full 0):
 garbage-first heap   total 512000K, used 208144K [0x00000000e0000000, 0x0000000100000000)
  region size 1024K, 110 young (112640K), 2 survivors (2048K)
 Metaspace       used 124093K, capacity 128932K, committed 133296K, reserved 370688K
  class space    used 15217K, capacity 16882K, committed 17920K, reserved 253952K
}
Event: 4519,856 GC heap after
{Heap after GC invocations=53 (full 0):
 garbage-first heap   total 512000K, used 107143K [0x00000000e0000000, 0x0000000100000000)
  region size 1024K, 10 young (10240K), 10 survivors (10240K)
 Metaspace       used 124093K, capacity 128932K, committed 133296K, reserved 370688K
  class space    used 15217K, capacity 16882K, committed 17920K, reserved 253952K
}
Event: 4603,540 GC heap before
{Heap before GC invocations=54 (full 0):
 garbage-first heap   total 512000K, used 416391K [0x00000000e0000000, 0x0000000100000000)
  region size 1024K, 193 young (197632K), 10 survivors (10240K)
 Metaspace       used 130178K, capacity 135374K, committed 135600K, reserved 372736K
  class space    used 16019K, capacity 17806K, committed 17920K, reserved 253952K
}
Event: 4603,576 GC heap after
{Heap after GC invocations=55 (full 0):
 garbage-first heap   total 512000K, used 116516K [0x00000000e0000000, 0x0000000100000000)
  region size 1024K, 19 young (19456K), 19 survivors (19456K)
 Metaspace       used 130178K, capacity 135374K, committed 135600K, reserved 372736K
  class space    used 16019K, capacity 17806K, committed 17920K, reserved 253952K
}

