# JRE version: OpenJDK Runtime Environment (11.0.7+10) (build 11.0.7+10-post-Ubuntu-2ubuntu218.04)
# Java VM: OpenJDK 64-Bit Server VM (11.0.7+10-post-Ubuntu-2ubuntu218.04, mixed mode, sharing, tiered, compressed oops, g1 gc, linux-amd64)
Heap:
 garbage-first heap   total 264192K, used 169347K [0x00000000e0000000, 0x0000000100000000)
  region size 1024K, 147 young (150528K), 11 survivors (11264K)
 Metaspace       used 47902K, capacity 48974K, committed 49360K, reserved 296960K
  class space    used 6563K, capacity 6974K, committed 7040K, reserved 253952K
GC Heap History (8 events):
Event: 0,575 GC heap before
{Heap before GC invocations=0 (full 0):
 garbage-first heap   total 264192K, used 30404K [0x00000000e0000000, 0x0000000100000000)
  region size 1024K, 24 young (24576K), 0 survivors (0K)
 Metaspace       used 3966K, capacity 6665K, committed 7040K, reserved 262144K
  class space    used 515K, capacity 775K, committed 896K, reserved 253952K
}
Event: 0,590 GC heap after
{Heap after GC invocations=1 (full 0):
 garbage-first heap   total 264192K, used 8754K [0x00000000e0000000, 0x0000000100000000)
  region size 1024K, 3 young (3072K), 3 survivors (3072K)
 Metaspace       used 3966K, capacity 6665K, committed 7040K, reserved 262144K
  class space    used 515K, capacity 775K, committed 896K, reserved 253952K
}
Event: 2,238 GC heap before
{Heap before GC invocations=1 (full 0):
 garbage-first heap   total 264192K, used 146994K [0x00000000e0000000, 0x0000000100000000)
  region size 1024K, 140 young (143360K), 3 survivors (3072K)
 Metaspace       used 20489K, capacity 21045K, committed 21296K, reserved 272384K
  class space    used 2985K, capacity 3182K, committed 3200K, reserved 253952K
}
Event: 2,255 GC heap after
{Heap after GC invocations=2 (full 0):
 garbage-first heap   total 264192K, used 18165K [0x00000000e0000000, 0x0000000100000000)
  region size 1024K, 13 young (13312K), 13 survivors (13312K)
 Metaspace       used 20489K, capacity 21045K, committed 21296K, reserved 272384K
  class space    used 2985K, capacity 3182K, committed 3200K, reserved 253952K
}
Event: 3,575 GC heap before
{Heap before GC invocations=3 (full 0):
 garbage-first heap   total 264192K, used 127733K [0x00000000e0000000, 0x0000000100000000)
  region size 1024K, 118 young (120832K), 13 survivors (13312K)
 Metaspace       used 33030K, capacity 33834K, committed 34224K, reserved 284672K
  class space    used 4544K, capacity 4837K, committed 4864K, reserved 253952K
}
Event: 3,593 GC heap after
{Heap after GC invocations=4 (full 0):
 garbage-first heap   total 264192K, used 25069K [0x00000000e0000000, 0x0000000100000000)
  region size 1024K, 8 young (8192K), 8 survivors (8192K)
 Metaspace       used 33030K, capacity 33834K, committed 34224K, reserved 284672K
  class space    used 4544K, capacity 4837K, committed 4864K, reserved 253952K
}
Event: 3,851 GC heap before
{Heap before GC invocations=4 (full 0):
 garbage-first heap   total 264192K, used 50669K [0x00000000e0000000, 0x0000000100000000)
  region size 1024K, 31 young (31744K), 8 survivors (8192K)
 Metaspace       used 34719K, capacity 35583K, committed 35920K, reserved 286720K
  class space    used 4783K, capacity 5083K, committed 5120K, reserved 253952K
}
Event: 3,862 GC heap after
{Heap after GC invocations=5 (full 0):
 garbage-first heap   total 264192K, used 31107K [0x00000000e0000000, 0x0000000100000000)
  region size 1024K, 11 young (11264K), 11 survivors (11264K)
 Metaspace       used 34719K, capacity 35583K, committed 35920K, reserved 286720K
  class space    used 4783K, capacity 5083K, committed 5120K, reserved 253952K
}

