# JRE version: OpenJDK Runtime Environment (11.0.7+10) (build 11.0.7+10-post-Ubuntu-2ubuntu218.04)
# Java VM: OpenJDK 64-Bit Server VM (11.0.7+10-post-Ubuntu-2ubuntu218.04, mixed mode, sharing, tiered, compressed oops, g1 gc, linux-amd64)
Heap:
 garbage-first heap   total 518144K, used 41168K [0x000000060ba00000, 0x0000000800000000)
  region size 2048K, 15 young (30720K), 5 survivors (10240K)
 Metaspace       used 26180K, capacity 27192K, committed 27568K, reserved 1073152K
  class space    used 3378K, capacity 3553K, committed 3584K, reserved 1048576K
GC Heap History (6 events):
Event: 0,596 GC heap before
{Heap before GC invocations=0 (full 0):
 garbage-first heap   total 518144K, used 27332K [0x000000060ba00000, 0x0000000800000000)
  region size 2048K, 12 young (24576K), 0 survivors (0K)
 Metaspace       used 7015K, capacity 9913K, committed 10240K, reserved 1058816K
  class space    used 737K, capacity 985K, committed 1024K, reserved 1048576K
}
Event: 0,637 GC heap after
{Heap after GC invocations=1 (full 0):
 garbage-first heap   total 518144K, used 7474K [0x000000060ba00000, 0x0000000800000000)
  region size 2048K, 2 young (4096K), 2 survivors (4096K)
 Metaspace       used 7015K, capacity 9913K, committed 10240K, reserved 1058816K
  class space    used 737K, capacity 985K, committed 1024K, reserved 1048576K
}
Event: 1,554 GC heap before
{Heap before GC invocations=1 (full 0):
 garbage-first heap   total 518144K, used 52530K [0x000000060ba00000, 0x0000000800000000)
  region size 2048K, 25 young (51200K), 2 survivors (4096K)
 Metaspace       used 19754K, capacity 21065K, committed 21296K, reserved 1069056K
  class space    used 2504K, capacity 2670K, committed 2688K, reserved 1048576K
}
Event: 1,579 GC heap after
{Heap after GC invocations=2 (full 0):
 garbage-first heap   total 518144K, used 11560K [0x000000060ba00000, 0x0000000800000000)
  region size 2048K, 4 young (8192K), 4 survivors (8192K)
 Metaspace       used 19754K, capacity 21065K, committed 21296K, reserved 1069056K
  class space    used 2504K, capacity 2670K, committed 2688K, reserved 1048576K
}
Event: 2,574 GC heap before
{Heap before GC invocations=3 (full 0):
 garbage-first heap   total 518144K, used 240936K [0x000000060ba00000, 0x0000000800000000)
  region size 2048K, 37 young (75776K), 4 survivors (8192K)
 Metaspace       used 26052K, capacity 27064K, committed 27568K, reserved 1073152K
  class space    used 3378K, capacity 3553K, committed 3584K, reserved 1048576K
}
Event: 2,592 GC heap after
{Heap after GC invocations=4 (full 0):
 garbage-first heap   total 518144K, used 22736K [0x000000060ba00000, 0x0000000800000000)
  region size 2048K, 5 young (10240K), 5 survivors (10240K)
 Metaspace       used 26052K, capacity 27064K, committed 27568K, reserved 1073152K
  class space    used 3378K, capacity 3553K, committed 3584K, reserved 1048576K
}

